# JRE version: Java(TM) SE Runtime Environment (17.0.12+8) (build 17.0.12+8-LTS-286)
# Java VM: Java HotSpot(TM) 64-Bit Server VM (17.0.12+8-LTS-286, mixed mode, sharing, tiered, compressed oops, compressed class ptrs, g1 gc, windows-amd64)
GC Precious Log:
 CPUs: 8 total, 8 available
 Memory: 16198M
 Large Page Support: Disabled
 NUMA Support: Disabled
 Compressed Oops: Enabled (Zero based)
 Heap Region Size: 2M
 Heap Min Capacity: 8M
 Heap Initial Capacity: 254M
 Heap Max Capacity: 4G
 Pre-touch: Disabled
 Parallel Workers: 8
 Concurrent Workers: 2
 Concurrent Refinement Workers: 8
 Periodic GC: Disabled
Heap:
 garbage-first heap   total 260096K, used 96496K [0x0000000700000000, 0x0000000800000000)
  region size 2048K, 44 young (90112K), 3 survivors (6144K)
 Metaspace       used 17575K, committed 17920K, reserved 491520K
  class space    used 2458K, committed 2624K, reserved 425984K
GC Heap History (6 events):
Event: 0.602 GC heap before
{Heap before GC invocations=0 (full 0):
 garbage-first heap   total 260096K, used 22528K [0x0000000700000000, 0x0000000800000000)
  region size 2048K, 11 young (22528K), 0 survivors (0K)
 Metaspace       used 866K, committed 1024K, reserved 491520K
  class space    used 63K, committed 128K, reserved 425984K
}
Event: 0.605 GC heap after
{Heap after GC invocations=1 (full 0):
 garbage-first heap   total 260096K, used 1646K [0x0000000700000000, 0x0000000800000000)
  region size 2048K, 1 young (2048K), 1 survivors (2048K)
 Metaspace       used 866K, committed 1024K, reserved 491520K
  class space    used 63K, committed 128K, reserved 425984K
}
Event: 1.882 GC heap before
{Heap before GC invocations=1 (full 0):
 garbage-first heap   total 260096K, used 44654K [0x0000000700000000, 0x0000000800000000)
  region size 2048K, 20 young (40960K), 1 survivors (2048K)
 Metaspace       used 4523K, committed 4672K, reserved 491520K
  class space    used 571K, committed 640K, reserved 425984K
}
Event: 1.887 GC heap after
{Heap after GC invocations=2 (full 0):
 garbage-first heap   total 260096K, used 11380K [0x0000000700000000, 0x0000000800000000)
  region size 2048K, 3 young (6144K), 3 survivors (6144K)
 Metaspace       used 4523K, committed 4672K, reserved 491520K
  class space    used 571K, committed 640K, reserved 425984K
}
Event: 2.837 GC heap before
{Heap before GC invocations=2 (full 0):
 garbage-first heap   total 260096K, used 56436K [0x0000000700000000, 0x0000000800000000)
  region size 2048K, 26 young (53248K), 3 survivors (6144K)
 Metaspace       used 4954K, committed 5120K, reserved 491520K
  class space    used 637K, committed 704K, reserved 425984K
}
Event: 2.845 GC heap after
{Heap after GC invocations=3 (full 0):
 garbage-first heap   total 260096K, used 16624K [0x0000000700000000, 0x0000000800000000)
  region size 2048K, 3 young (6144K), 3 survivors (6144K)
 Metaspace       used 4954K, committed 5120K, reserved 491520K
  class space    used 637K, committed 704K, reserved 425984K
}

